[debug] [2022-01-24T13:25:11.261Z] ----------------------------------------------------------------------
[debug] [2022-01-24T13:25:11.264Z] Command:       C:\Program Files\nodejs\node.exe C:\Users\mohit\AppData\Roaming\npm\node_modules\firebase-tools\lib\bin\firebase.js init
[debug] [2022-01-24T13:25:11.264Z] CLI Version:   9.23.3
[debug] [2022-01-24T13:25:11.264Z] Platform:      win32
[debug] [2022-01-24T13:25:11.264Z] Node Version:  v14.17.0
[debug] [2022-01-24T13:25:11.265Z] Time:          Mon Jan 24 2022 18:55:11 GMT+0530 (India Standard Time)
[debug] [2022-01-24T13:25:11.265Z] ----------------------------------------------------------------------
[debug] 
[debug] [2022-01-24T13:25:11.267Z] >>> [apiv2][query] GET https://firebase-public.firebaseio.com/cli.json [none]
[debug] [2022-01-24T13:25:11.286Z] > command requires scopes: ["email","openid","https://www.googleapis.com/auth/cloudplatformprojects.readonly","https://www.googleapis.com/auth/firebase","https://www.googleapis.com/auth/cloud-platform"]
[debug] [2022-01-24T13:25:11.286Z] > authorizing via signed-in user (mohitgadhavi1@gmail.com)
[info] 
     ######## #### ########  ######## ########     ###     ######  ########
     ##        ##  ##     ## ##       ##     ##  ##   ##  ##       ##
     ######    ##  ########  ######   ########  #########  ######  ######
     ##        ##  ##    ##  ##       ##     ## ##     ##       ## ##
     ##       #### ##     ## ######## ########  ##     ##  ######  ########

You're about to initialize a Firebase project in this directory:

  C:\Users\mohit\Desktop\ProjectManagementApp-react\client

[debug] [2022-01-24T13:25:12.753Z] <<< [apiv2][status] GET https://firebase-public.firebaseio.com/cli.json 200
[debug] [2022-01-24T13:25:12.754Z] <<< [apiv2][body] GET https://firebase-public.firebaseio.com/cli.json {"cloudBuildErrorAfter":1594252800000,"cloudBuildWarnAfter":1590019200000,"defaultNode10After":1594252800000,"minVersion":"3.0.5","node8DeploysDisabledAfter":1613390400000,"node8RuntimeDisabledAfter":1615809600000,"node8WarnAfter":1600128000000}
